<?xml version="1.0" encoding="UTF-8"?>
<!-- Generated by org.testng.reporters.JUnitReportReporter -->
<testsuite hostname="N-Huong" name="com.utc.flowershop.testcase.TestCase_LogIn" tests="13" failures="0" timestamp="6 Apr 2017 03:33:40 GMT" time="243.863" errors="0">
  <testcase name="signIn_TC004" time="16.462" classname="com.utc.flowershop.testcase.TestCase_LogIn"/>
  <testcase name="signIn_TC008" time="19.244" classname="com.utc.flowershop.testcase.TestCase_LogIn"/>
  <testcase name="signIn_TC009" time="21.020" classname="com.utc.flowershop.testcase.TestCase_LogIn"/>
  <testcase name="signIn_TC013" time="15.751" classname="com.utc.flowershop.testcase.TestCase_LogIn"/>
  <testcase name="signIn_TC012" time="17.317" classname="com.utc.flowershop.testcase.TestCase_LogIn"/>
  <testcase name="signIn_TC003" time="17.192" classname="com.utc.flowershop.testcase.TestCase_LogIn"/>
  <testcase name="signIn_TC011" time="24.221" classname="com.utc.flowershop.testcase.TestCase_LogIn"/>
  <testcase name="signIn_TC001" time="17.865" classname="com.utc.flowershop.testcase.TestCase_LogIn"/>
  <testcase name="signIn_TC007" time="19.178" classname="com.utc.flowershop.testcase.TestCase_LogIn"/>
  <testcase name="signIn_TC005" time="15.686" classname="com.utc.flowershop.testcase.TestCase_LogIn"/>
  <testcase name="signIn_TC010" time="22.133" classname="com.utc.flowershop.testcase.TestCase_LogIn"/>
  <testcase name="signIn_TC006" time="20.874" classname="com.utc.flowershop.testcase.TestCase_LogIn"/>
  <testcase name="signIn_TC002" time="16.920" classname="com.utc.flowershop.testcase.TestCase_LogIn"/>
</testsuite> <!-- com.utc.flowershop.testcase.TestCase_LogIn -->
