<?xml version="1.0" encoding="UTF-8"?>
<!-- Generated by org.testng.reporters.JUnitReportReporter -->
<testsuite hostname="N-Huong" name="com.utc.flowershop.testcase.TestCase_ShoppingCart" tests="1" failures="0" timestamp="2 Apr 2017 02:56:21 GMT" time="36.935" errors="0">
  <testcase name="shopCarts_TC025" time="36.935" classname="com.utc.flowershop.testcase.TestCase_ShoppingCart"/>
</testsuite> <!-- com.utc.flowershop.testcase.TestCase_ShoppingCart -->
