<?xml version="1.0" encoding="UTF-8"?>
<!-- Generated by org.testng.reporters.JUnitReportReporter -->
<testsuite hostname="N-Huong" name="com.utc.flowershop.testcase.TestCase_ShoppingCart" tests="1" failures="0" timestamp="17 Apr 2017 12:54:22 GMT" time="26.380" errors="0">
  <testcase name="shopCarts_TC010" time="26.380" classname="com.utc.flowershop.testcase.TestCase_ShoppingCart"/>
</testsuite> <!-- com.utc.flowershop.testcase.TestCase_ShoppingCart -->
