<?xml version="1.0" encoding="UTF-8"?>
<!-- Generated by org.testng.reporters.JUnitReportReporter -->
<testsuite hostname="N-Huong" name="com.utc.flowershop.testcase.TestCase_LogIn" tests="13" failures="0" timestamp="17 Apr 2017 07:39:23 GMT" time="244.352" errors="0">
  <testcase name="signIn_TC006" time="28.982" classname="com.utc.flowershop.testcase.TestCase_LogIn"/>
  <testcase name="signIn_TC001" time="17.240" classname="com.utc.flowershop.testcase.TestCase_LogIn"/>
  <testcase name="signIn_TC003" time="19.739" classname="com.utc.flowershop.testcase.TestCase_LogIn"/>
  <testcase name="signIn_TC007" time="17.812" classname="com.utc.flowershop.testcase.TestCase_LogIn"/>
  <testcase name="signIn_TC013" time="14.293" classname="com.utc.flowershop.testcase.TestCase_LogIn"/>
  <testcase name="signIn_TC010" time="18.871" classname="com.utc.flowershop.testcase.TestCase_LogIn"/>
  <testcase name="signIn_TC011" time="22.767" classname="com.utc.flowershop.testcase.TestCase_LogIn"/>
  <testcase name="signIn_TC012" time="16.638" classname="com.utc.flowershop.testcase.TestCase_LogIn"/>
  <testcase name="signIn_TC002" time="17.983" classname="com.utc.flowershop.testcase.TestCase_LogIn"/>
  <testcase name="signIn_TC009" time="17.837" classname="com.utc.flowershop.testcase.TestCase_LogIn"/>
  <testcase name="signIn_TC004" time="15.246" classname="com.utc.flowershop.testcase.TestCase_LogIn"/>
  <testcase name="signIn_TC005" time="16.322" classname="com.utc.flowershop.testcase.TestCase_LogIn"/>
  <testcase name="signIn_TC008" time="20.622" classname="com.utc.flowershop.testcase.TestCase_LogIn"/>
</testsuite> <!-- com.utc.flowershop.testcase.TestCase_LogIn -->
