<?xml version="1.0" encoding="UTF-8"?>
<!-- Generated by org.testng.reporters.JUnitReportReporter -->
<testsuite hostname="N-Huong" name="com.utc.flowershop.testcase.TestCase_Register" tests="1" failures="0" timestamp="11 Mar 2017 11:18:38 GMT" time="25.533" errors="0">
  <testcase name="register_TC24" time="25.533" classname="com.utc.flowershop.testcase.TestCase_Register"/>
</testsuite> <!-- com.utc.flowershop.testcase.TestCase_Register -->
