<?xml version="1.0" encoding="UTF-8"?>
<!-- Generated by org.testng.reporters.JUnitReportReporter -->
<testsuite hostname="N-Huong" name="com.utc.flowershop.testcase.TestCase_ShopCarts" tests="1" failures="0" timestamp="26 Mar 2017 01:16:54 GMT" time="19.268" errors="0">
  <testcase name="shopCarts_TC004" time="19.268" classname="com.utc.flowershop.testcase.TestCase_ShopCarts"/>
</testsuite> <!-- com.utc.flowershop.testcase.TestCase_ShopCarts -->
