<?xml version="1.0" encoding="UTF-8"?>
<!-- Generated by org.testng.reporters.JUnitReportReporter -->
<testsuite hostname="N-Huong" name="com.utc.flowershop.testcase.TestCase_LogIn" tests="13" failures="0" timestamp="8 Apr 2017 11:14:48 GMT" time="282.069" errors="0">
  <testcase name="signIn_TC004" time="16.925" classname="com.utc.flowershop.testcase.TestCase_LogIn"/>
  <testcase name="signIn_TC012" time="21.679" classname="com.utc.flowershop.testcase.TestCase_LogIn"/>
  <testcase name="signIn_TC010" time="18.294" classname="com.utc.flowershop.testcase.TestCase_LogIn"/>
  <testcase name="signIn_TC007" time="20.204" classname="com.utc.flowershop.testcase.TestCase_LogIn"/>
  <testcase name="signIn_TC003" time="19.915" classname="com.utc.flowershop.testcase.TestCase_LogIn"/>
  <testcase name="signIn_TC013" time="18.455" classname="com.utc.flowershop.testcase.TestCase_LogIn"/>
  <testcase name="signIn_TC002" time="22.761" classname="com.utc.flowershop.testcase.TestCase_LogIn"/>
  <testcase name="signIn_TC006" time="19.292" classname="com.utc.flowershop.testcase.TestCase_LogIn"/>
  <testcase name="signIn_TC008" time="40.445" classname="com.utc.flowershop.testcase.TestCase_LogIn"/>
  <testcase name="signIn_TC011" time="24.535" classname="com.utc.flowershop.testcase.TestCase_LogIn"/>
  <testcase name="signIn_TC001" time="19.978" classname="com.utc.flowershop.testcase.TestCase_LogIn"/>
  <testcase name="signIn_TC009" time="21.796" classname="com.utc.flowershop.testcase.TestCase_LogIn"/>
  <testcase name="signIn_TC005" time="17.790" classname="com.utc.flowershop.testcase.TestCase_LogIn"/>
</testsuite> <!-- com.utc.flowershop.testcase.TestCase_LogIn -->
