<?xml version="1.0" encoding="UTF-8"?>
<!-- Generated by org.testng.reporters.JUnitReportReporter -->
<testsuite hostname="N-Huong" name="com.utc.flowershop.testcase.TestCase_FlowerShop" tests="1" failures="0" timestamp="15 Mar 2017 03:13:56 GMT" time="31.716" errors="0">
  <testcase name="flowerShop_TC8" time="31.716" classname="com.utc.flowershop.testcase.TestCase_FlowerShop"/>
</testsuite> <!-- com.utc.flowershop.testcase.TestCase_FlowerShop -->
