<?xml version="1.0" encoding="UTF-8"?>
<!-- Generated by org.testng.reporters.JUnitReportReporter -->
<testsuite hostname="N-Huong" name="com.utc.flowershop.testcase.TestCase_ShoppingCart" tests="28" failures="0" timestamp="6 Apr 2017 09:08:32 GMT" time="717.729" errors="0">
  <testcase name="shopCarts_TC007" time="26.025" classname="com.utc.flowershop.testcase.TestCase_ShoppingCart"/>
  <testcase name="shopCarts_TC026" time="48.020" classname="com.utc.flowershop.testcase.TestCase_ShoppingCart"/>
  <testcase name="shopCarts_TC001" time="21.597" classname="com.utc.flowershop.testcase.TestCase_ShoppingCart"/>
  <testcase name="shopCarts_TC013" time="20.527" classname="com.utc.flowershop.testcase.TestCase_ShoppingCart"/>
  <testcase name="shopCarts_TC027" time="31.440" classname="com.utc.flowershop.testcase.TestCase_ShoppingCart"/>
  <testcase name="shopCarts_TC006" time="20.854" classname="com.utc.flowershop.testcase.TestCase_ShoppingCart"/>
  <testcase name="shopCarts_TC010" time="22.685" classname="com.utc.flowershop.testcase.TestCase_ShoppingCart"/>
  <testcase name="shopCarts_TC028" time="20.980" classname="com.utc.flowershop.testcase.TestCase_ShoppingCart"/>
  <testcase name="shopCarts_TC005" time="19.518" classname="com.utc.flowershop.testcase.TestCase_ShoppingCart"/>
  <testcase name="shopCarts_TC003" time="25.198" classname="com.utc.flowershop.testcase.TestCase_ShoppingCart"/>
  <testcase name="shopCarts_TC011" time="19.798" classname="com.utc.flowershop.testcase.TestCase_ShoppingCart"/>
  <testcase name="shopCarts_TC023" time="20.106" classname="com.utc.flowershop.testcase.TestCase_ShoppingCart"/>
  <testcase name="shopCarts_TC018" time="21.619" classname="com.utc.flowershop.testcase.TestCase_ShoppingCart"/>
  <testcase name="shopCarts_TC009" time="90.188" classname="com.utc.flowershop.testcase.TestCase_ShoppingCart"/>
  <testcase name="shopCarts_TC021" time="18.387" classname="com.utc.flowershop.testcase.TestCase_ShoppingCart"/>
  <testcase name="shopCarts_TC014" time="18.985" classname="com.utc.flowershop.testcase.TestCase_ShoppingCart"/>
  <testcase name="shopCarts_TC024" time="20.806" classname="com.utc.flowershop.testcase.TestCase_ShoppingCart"/>
  <testcase name="shopCarts_TC025" time="20.960" classname="com.utc.flowershop.testcase.TestCase_ShoppingCart"/>
  <testcase name="shopCarts_TC020" time="20.324" classname="com.utc.flowershop.testcase.TestCase_ShoppingCart"/>
  <testcase name="shopCarts_TC022" time="21.461" classname="com.utc.flowershop.testcase.TestCase_ShoppingCart"/>
  <testcase name="shopCarts_TC004" time="17.021" classname="com.utc.flowershop.testcase.TestCase_ShoppingCart"/>
  <testcase name="shopCarts_TC012" time="20.379" classname="com.utc.flowershop.testcase.TestCase_ShoppingCart"/>
  <testcase name="shopCarts_TC008" time="21.605" classname="com.utc.flowershop.testcase.TestCase_ShoppingCart"/>
  <testcase name="shopCarts_TC002" time="24.923" classname="com.utc.flowershop.testcase.TestCase_ShoppingCart"/>
  <testcase name="shopCarts_TC019" time="18.609" classname="com.utc.flowershop.testcase.TestCase_ShoppingCart"/>
  <testcase name="shopCarts_TC015" time="39.924" classname="com.utc.flowershop.testcase.TestCase_ShoppingCart"/>
  <testcase name="shopCarts_TC016" time="17.268" classname="com.utc.flowershop.testcase.TestCase_ShoppingCart"/>
  <testcase name="shopCarts_TC017" time="28.522" classname="com.utc.flowershop.testcase.TestCase_ShoppingCart"/>
</testsuite> <!-- com.utc.flowershop.testcase.TestCase_ShoppingCart -->
