<?xml version="1.0" encoding="UTF-8"?>
<!-- Generated by org.testng.reporters.JUnitReportReporter -->
<testsuite hostname="N-Huong" name="com.utc.flowershop.testcase.TestCase" tests="1" failures="0" timestamp="27 Feb 2017 03:17:59 GMT" time="21.204" errors="0">
  <testcase name="main" time="21.204" classname="com.utc.flowershop.testcase.TestCase"/>
</testsuite> <!-- com.utc.flowershop.testcase.TestCase -->
